Arguments: 
  C:\Program Files\nodejs\node.exe C:\Program Files (x86)\Yarn\bin\yarn.js install

PATH: 
  C:\Users\mario\AppData\Local\cloud-code\installer\google-cloud-sdk\bin;C:\Python311\Scripts\;C:\Python311\;C:\Program Files\Common Files\Oracle\Java\javapath;C:\Program Files (x86)\Common Files\Oracle\Java\java8path;C:\Program Files (x86)\Common Files\Oracle\Java\javapath;C:\WINDOWS\system32;C:\WINDOWS;C:\WINDOWS\System32\Wbem;C:\WINDOWS\System32\WindowsPowerShell\v1.0\;C:\WINDOWS\System32\OpenSSH\;C:\Program Files\Git\cmd;C:\Program Files (x86)\Microsoft SQL Server\160\Tools\Binn\;C:\Program Files\Microsoft SQL Server\160\Tools\Binn\;C:\Program Files\Microsoft SQL Server\Client SDK\ODBC\170\Tools\Binn\;C:\Program Files\Microsoft SQL Server\160\DTS\Binn\;C:\Program Files (x86)\Microsoft SQL Server\160\DTS\Binn\;C:\Program Files\Azure Data Studio\bin;C:\Program Files\Microsoft SQL Server\150\Tools\Binn\;C:\Users\mario\AppData\Roaming\nvm;C:\Program Files (x86)\Yarn\bin\;c:\Users\mario\AppData\Local\Programs\cursor\resources\app\bin;C:\ProgramData\chocolatey\bin;C:\Program Files\Docker\Docker\resources\bin;C:\Users\mario\AppData\Roaming\nvm;C:\Program Files\nodejs;C:\Program Files\Kubernetes\Minikube;C:\Program Files\NetMake\v9-php81\components\php;C:\Program Files\PuTTY\;C:\xampp_php8\php;C:\ProgramData\ComposerSetup\bin;C:\xampp8.1\php;C:\Program Files\dotnet\;C:\Users\mario\AppData\Local\Volta\bin;C:\Users\mario\.console-ninja\.bin;C:\Users\mario\AppData\Local\Microsoft\WindowsApps;C:\Users\mario\AppData\Local\Programs\Microsoft VS Code\bin;C:\Users\mario\AppData\Local\GitHubDesktop\bin;C:\Program Files\Azure Data Studio\bin;C:\Users\mario\.dotnet\tools;C:\Users\mario\AppData\Local\Yarn\bin;C:\Users\mario\AppData\Roaming\npm;C:\Users\mario\AppData\Roaming\nvm;C:\Program Files\nodejs;C:\Users\mario\AppData\Roaming\Composer\vendor\bin

Yarn version: 
  1.22.19

Node version: 
  18.19.1

Platform: 
  win32 x64

Trace: 
  Error: ENOTDIR: not a directory, scandir 'C:\Users\mario\AppData\Local\Yarn\Cache\v6\npm-@projectstorm-geometry-0.0.0-374fb812-9d1b-48e1-9805-e5a0cbdb14e5-1737996473697\node_modules\@projectstorm\geometry'

npm manifest: 
  {
  	"name": "@projectstorm/react-canvas-core",
  	"version": "7.0.3",
  	"author": "dylanvorster",
  	"license": "MIT",
  	"repository": {
  		"type": "git",
  		"url": "https://github.com/projectstorm/react-diagrams.git"
  	},
  	"scripts": {
  		"clean": "rimraf ./dist",
  		"build": "webpack"
  	},
  	"publishConfig": {
  		"access": "public"
  	},
  	"keywords": [
  		"web",
  		"diagram",
  		"diagrams",
  		"react",
  		"typescript",
  		"flowchart",
  		"simple",
  		"links",
  		"nodes"
  	],
  	"main": "./dist/index.umd.js",
  	"module": "./dist/index.js",
  	"typings": "./dist/@types/index",
  	"dependencies": {
  		"@emotion/react": "^11.11.1",
  		"@emotion/styled": "^11.11.0",
  		"@projectstorm/geometry": "../geometry/dist/index.js",
  		"react": "^18.2.0",
  		"lodash": "^4.17.21",
  		"webpack": "^5.88.2",
  		"webpack-cli": "^5.1.4",
  		"webpack-dev-server": "^4.15.1",
  		"webpack-node-externals": "^3.0.0"
  	},
  	"devDependencies": {
  		"@types/react": "^18.2.22",
  		"@types/lodash": "^4.14.200",
  		"terser-webpack-plugin": "^5.3.9"
  	}
  }

yarn manifest: 
  No manifest

Lockfile: 
  No lockfile
